1693665392004	geckodriver	INFO	Listening on 127.0.0.1:43121
1693665392406	mozrunner::runner	INFO	Running command: "/snap/firefox/current/firefox.launcher" "--marionette" "--remote-debugging-port" "51671" "--remote-allow-hosts" "localhost" "-no-remote" "-profile" "/tmp/rust_mozprofileh8NTsR"
Gtk-Message: 17:36:32.777: Failed to load module "canberra-gtk-module"
Gtk-Message: 17:36:32.818: Failed to load module "canberra-gtk-module"
ATTENTION: default value of option mesa_glthread overridden by environment.
ATTENTION: default value of option mesa_glthread overridden by environment.
ATTENTION: default value of option mesa_glthread overridden by environment.
ATTENTION: default value of option mesa_glthread overridden by environment.
1693665396748	Marionette	INFO	Marionette enabled
1693665396789	Marionette	INFO	Listening on port 37925
WebDriver BiDi listening on ws://localhost:51671
Read port: 37925
1693665397493	RemoteAgent	WARN	TLS certificate errors will be ignored for this session
console.warn: SearchSettings: "get: No settings file exists, new profile?" (new NotFoundError("Could not open the file at /tmp/rust_mozprofileh8NTsR/search.json.mozlz4", (void 0)))
Missing chrome or resource URL: resource://gre/modules/UpdateListener.jsm
Missing chrome or resource URL: resource://gre/modules/UpdateListener.sys.mjs
DevTools listening on ws://localhost:51671/devtools/browser/ff87d22d-a5a8-4907-a30b-3ba3e04aaae4
[2023-09-02T14:36:54Z ERROR mp4parse] Found 2 nul bytes in "\0\0"
[2023-09-02T14:36:54Z ERROR mp4parse] Found 2 nul bytes in "\0\0"
[2023-09-02T14:36:54Z ERROR mp4parse] Found 2 nul bytes in "\0\0"
[2023-09-02T14:36:55Z ERROR mp4parse] Found 2 nul bytes in "\0\0"
1693665580807	geckodriver	INFO	Listening on 127.0.0.1:43999
1693665581204	mozrunner::runner	INFO	Running command: "/snap/firefox/current/firefox.launcher" "--marionette" "--remote-debugging-port" "52785" "--remote-allow-hosts" "localhost" "-no-remote" "-profile" "/tmp/rust_mozprofile8fkIMy"
Gtk-Message: 17:39:41.522: Failed to load module "canberra-gtk-module"
Gtk-Message: 17:39:41.544: Failed to load module "canberra-gtk-module"
ATTENTION: default value of option mesa_glthread overridden by environment.
ATTENTION: default value of option mesa_glthread overridden by environment.
ATTENTION: default value of option mesa_glthread overridden by environment.
ATTENTION: default value of option mesa_glthread overridden by environment.
1693665584554	Marionette	INFO	Marionette enabled
1693665584574	Marionette	INFO	Listening on port 42677
WebDriver BiDi listening on ws://localhost:52785
Read port: 42677
1693665585369	RemoteAgent	WARN	TLS certificate errors will be ignored for this session
console.error: Region.jsm: "Error fetching region" (new Error("TIMEOUT", "resource://gre/modules/Region.jsm", 769))
console.error: Region.jsm: "Failed to fetch region" (new Error("TIMEOUT", "resource://gre/modules/Region.jsm", 421))
console.warn: SearchSettings: "get: No settings file exists, new profile?" (new NotFoundError("Could not open the file at /tmp/rust_mozprofile8fkIMy/search.json.mozlz4", (void 0)))
Missing chrome or resource URL: resource://gre/modules/UpdateListener.jsm
Missing chrome or resource URL: resource://gre/modules/UpdateListener.sys.mjs
DevTools listening on ws://localhost:52785/devtools/browser/b93dd16d-72f7-4f0b-9e74-c1daeda04d98
Missing chrome or resource URL: resource://gre/modules/UpdateListener.jsm
Missing chrome or resource URL: resource://gre/modules/UpdateListener.sys.mjs
console.error: "Error during quit-application-granted: [Exception... \"File error: Not found\"  nsresult: \"0x80520012 (NS_ERROR_FILE_NOT_FOUND)\"  location: \"JS frame :: resource:///modules/BrowserGlue.jsm :: _onQuitApplicationGranted/tasks< :: line 2006\"  data: no]"
1693665626265	Marionette	INFO	Stopped listening on port 42677
console.warn: TopSitesFeed: Failed to fetch data from Contile server: NetworkError when attempting to fetch resource.
[GFX1-]: Unrecognized feature ACCELERATED_CANVAS2D
Missing chrome or resource URL: resource://gre/modules/UpdateListener.jsm
Missing chrome or resource URL: resource://gre/modules/UpdateListener.sys.mjs
console.error: "Error during quit-application-granted: [Exception... \"File error: Not found\"  nsresult: \"0x80520012 (NS_ERROR_FILE_NOT_FOUND)\"  location: \"JS frame :: resource:///modules/BrowserGlue.jsm :: _onQuitApplicationGranted/tasks< :: line 2006\"  data: no]"
1693665728787	Marionette	INFO	Stopped listening on port 37925
console.warn: TopSitesFeed: Failed to fetch data from Contile server: NetworkError when attempting to fetch resource.
1693665802418	geckodriver	INFO	Listening on 127.0.0.1:51347
1693665802838	mozrunner::runner	INFO	Running command: "/snap/firefox/current/firefox.launcher" "--marionette" "--remote-debugging-port" "50695" "--remote-allow-hosts" "localhost" "-no-remote" "-profile" "/tmp/rust_mozprofilextKSQK"
Gtk-Message: 17:43:23.138: Failed to load module "canberra-gtk-module"
Gtk-Message: 17:43:23.142: Failed to load module "canberra-gtk-module"
ATTENTION: default value of option mesa_glthread overridden by environment.
ATTENTION: default value of option mesa_glthread overridden by environment.
ATTENTION: default value of option mesa_glthread overridden by environment.
ATTENTION: default value of option mesa_glthread overridden by environment.
1693665804354	Marionette	INFO	Marionette enabled
1693665804359	Marionette	INFO	Listening on port 40263
WebDriver BiDi listening on ws://localhost:50695
Read port: 40263
1693665804830	RemoteAgent	WARN	TLS certificate errors will be ignored for this session
console.warn: SearchSettings: "get: No settings file exists, new profile?" (new NotFoundError("Could not open the file at /tmp/rust_mozprofilextKSQK/search.json.mozlz4", (void 0)))
Missing chrome or resource URL: resource://gre/modules/UpdateListener.jsm
Missing chrome or resource URL: resource://gre/modules/UpdateListener.sys.mjs
DevTools listening on ws://localhost:50695/devtools/browser/27374c7d-9053-470e-95d3-5ff6d562559a
[2023-09-02T14:43:34Z ERROR mp4parse] Found 2 nul bytes in "\0\0"
[2023-09-02T14:43:34Z ERROR mp4parse] Found 2 nul bytes in "\0\0"
[2023-09-02T14:43:34Z ERROR mp4parse] Found 2 nul bytes in "\0\0"
[2023-09-02T14:43:34Z ERROR mp4parse] Found 2 nul bytes in "\0\0"
console.warn: LoginRecipes: "getRecipes: falling back to a synchronous message for:" "https://www.google.com"
1693665872651	geckodriver	INFO	Listening on 127.0.0.1:49943
1693665873003	mozrunner::runner	INFO	Running command: "/snap/firefox/current/firefox.launcher" "--marionette" "--remote-debugging-port" "39255" "--remote-allow-hosts" "localhost" "-no-remote" "-profile" "/tmp/rust_mozprofileTjubur"
Gtk-Message: 17:44:33.181: Failed to load module "canberra-gtk-module"
Gtk-Message: 17:44:33.184: Failed to load module "canberra-gtk-module"
ATTENTION: default value of option mesa_glthread overridden by environment.
ATTENTION: default value of option mesa_glthread overridden by environment.
ATTENTION: default value of option mesa_glthread overridden by environment.
ATTENTION: default value of option mesa_glthread overridden by environment.
1693665874213	Marionette	INFO	Marionette enabled
1693665874219	Marionette	INFO	Listening on port 37277
WebDriver BiDi listening on ws://localhost:39255
Read port: 37277
1693665874750	RemoteAgent	WARN	TLS certificate errors will be ignored for this session
console.warn: SearchSettings: "get: No settings file exists, new profile?" (new NotFoundError("Could not open the file at /tmp/rust_mozprofileTjubur/search.json.mozlz4", (void 0)))
console.error: Region.jsm: "Error fetching region" (new AbortError("The operation was aborted. ", (void 0), 767))
console.error: Region.jsm: "Failed to fetch region" (new Error("NO_RESULT", "resource://gre/modules/Region.jsm", 421))
Missing chrome or resource URL: resource://gre/modules/UpdateListener.jsm
Missing chrome or resource URL: resource://gre/modules/UpdateListener.sys.mjs
DevTools listening on ws://localhost:39255/devtools/browser/aa306e30-48e6-4592-8aef-e75fe2d1a614
Missing chrome or resource URL: resource://gre/modules/UpdateListener.jsm
Missing chrome or resource URL: resource://gre/modules/UpdateListener.sys.mjs
console.error: "Error during quit-application-granted: [Exception... \"File error: Not found\"  nsresult: \"0x80520012 (NS_ERROR_FILE_NOT_FOUND)\"  location: \"JS frame :: resource:///modules/BrowserGlue.jsm :: _onQuitApplicationGranted/tasks< :: line 2006\"  data: no]"
1693665899964	Marionette	INFO	Stopped listening on port 37277
console.warn: TopSitesFeed: Failed to fetch data from Contile server: NetworkError when attempting to fetch resource.
1693666042446	geckodriver	INFO	Listening on 127.0.0.1:57333
1693666042803	mozrunner::runner	INFO	Running command: "/snap/firefox/current/firefox.launcher" "--marionette" "--remote-debugging-port" "53371" "--remote-allow-hosts" "localhost" "-no-remote" "-profile" "/tmp/rust_mozprofilejq7q1I"
Gtk-Message: 17:47:22.961: Failed to load module "canberra-gtk-module"
Gtk-Message: 17:47:22.963: Failed to load module "canberra-gtk-module"
ATTENTION: default value of option mesa_glthread overridden by environment.
ATTENTION: default value of option mesa_glthread overridden by environment.
ATTENTION: default value of option mesa_glthread overridden by environment.
ATTENTION: default value of option mesa_glthread overridden by environment.
1693666043843	Marionette	INFO	Marionette enabled
1693666043863	Marionette	INFO	Listening on port 40105
WebDriver BiDi listening on ws://localhost:53371
Read port: 40105
1693666044420	RemoteAgent	WARN	TLS certificate errors will be ignored for this session
console.warn: SearchSettings: "get: No settings file exists, new profile?" (new NotFoundError("Could not open the file at /tmp/rust_mozprofilejq7q1I/search.json.mozlz4", (void 0)))
Missing chrome or resource URL: resource://gre/modules/UpdateListener.jsm
Missing chrome or resource URL: resource://gre/modules/UpdateListener.sys.mjs
DevTools listening on ws://localhost:53371/devtools/browser/0c14a7f1-e3f8-4265-b42b-656ba1afc805
[GFX1-]: Unrecognized feature ACCELERATED_CANVAS2D
[GFX1-]: Unrecognized feature ACCELERATED_CANVAS2D
1693666339699	geckodriver	INFO	Listening on 127.0.0.1:45761
1693666340073	mozrunner::runner	INFO	Running command: "/snap/firefox/current/firefox.launcher" "--marionette" "--remote-debugging-port" "43665" "--remote-allow-hosts" "localhost" "-no-remote" "-profile" "/tmp/rust_mozprofileRB5ffn"
Gtk-Message: 17:52:21.121: Failed to load module "canberra-gtk-module"
Gtk-Message: 17:52:21.150: Failed to load module "canberra-gtk-module"
ATTENTION: default value of option mesa_glthread overridden by environment.
ATTENTION: default value of option mesa_glthread overridden by environment.
ATTENTION: default value of option mesa_glthread overridden by environment.
ATTENTION: default value of option mesa_glthread overridden by environment.
1693666347118	Marionette	INFO	Marionette enabled
1693666347133	Marionette	INFO	Listening on port 46773
WebDriver BiDi listening on ws://localhost:43665
Read port: 46773
1693666348035	RemoteAgent	WARN	TLS certificate errors will be ignored for this session
console.warn: SearchSettings: "get: No settings file exists, new profile?" (new NotFoundError("Could not open the file at /tmp/rust_mozprofileRB5ffn/search.json.mozlz4", (void 0)))
Missing chrome or resource URL: resource://gre/modules/UpdateListener.jsm
Missing chrome or resource URL: resource://gre/modules/UpdateListener.sys.mjs
DevTools listening on ws://localhost:43665/devtools/browser/2dbbc8ac-4dbe-4453-ab54-926e82cb59a9
Missing chrome or resource URL: resource://gre/modules/UpdateListener.jsm
Missing chrome or resource URL: resource://gre/modules/UpdateListener.sys.mjs
console.error: "Error during quit-application-granted: [Exception... \"File error: Not found\"  nsresult: \"0x80520012 (NS_ERROR_FILE_NOT_FOUND)\"  location: \"JS frame :: resource:///modules/BrowserGlue.jsm :: _onQuitApplicationGranted/tasks< :: line 2006\"  data: no]"
1693666380679	Marionette	INFO	Stopped listening on port 46773
Missing chrome or resource URL: resource://gre/modules/UpdateListener.jsm
Missing chrome or resource URL: resource://gre/modules/UpdateListener.sys.mjs
console.error: "Error during quit-application-granted: [Exception... \"File error: Not found\"  nsresult: \"0x80520012 (NS_ERROR_FILE_NOT_FOUND)\"  location: \"JS frame :: resource:///modules/BrowserGlue.jsm :: _onQuitApplicationGranted/tasks< :: line 2006\"  data: no]"
1693666410332	Marionette	INFO	Stopped listening on port 40263
Missing chrome or resource URL: resource://gre/modules/UpdateListener.jsm
Missing chrome or resource URL: resource://gre/modules/UpdateListener.sys.mjs
console.error: "Error during quit-application-granted: [Exception... \"File error: Not found\"  nsresult: \"0x80520012 (NS_ERROR_FILE_NOT_FOUND)\"  location: \"JS frame :: resource:///modules/BrowserGlue.jsm :: _onQuitApplicationGranted/tasks< :: line 2006\"  data: no]"
1693666420363	Marionette	INFO	Stopped listening on port 40105
1693666487618	geckodriver	INFO	Listening on 127.0.0.1:33017
1693666487996	mozrunner::runner	INFO	Running command: "/snap/firefox/current/firefox.launcher" "--marionette" "--remote-debugging-port" "52779" "--remote-allow-hosts" "localhost" "-no-remote" "-profile" "/tmp/rust_mozprofileBasDnF"
Gtk-Message: 17:54:48.281: Failed to load module "canberra-gtk-module"
Gtk-Message: 17:54:48.285: Failed to load module "canberra-gtk-module"
ATTENTION: default value of option mesa_glthread overridden by environment.
ATTENTION: default value of option mesa_glthread overridden by environment.
ATTENTION: default value of option mesa_glthread overridden by environment.
ATTENTION: default value of option mesa_glthread overridden by environment.
1693666489704	Marionette	INFO	Marionette enabled
1693666489711	Marionette	INFO	Listening on port 32893
WebDriver BiDi listening on ws://localhost:52779
Read port: 32893
1693666490391	RemoteAgent	WARN	TLS certificate errors will be ignored for this session
console.warn: SearchSettings: "get: No settings file exists, new profile?" (new NotFoundError("Could not open the file at /tmp/rust_mozprofileBasDnF/search.json.mozlz4", (void 0)))
Missing chrome or resource URL: resource://gre/modules/UpdateListener.jsm
Missing chrome or resource URL: resource://gre/modules/UpdateListener.sys.mjs
DevTools listening on ws://localhost:52779/devtools/browser/00c2418d-720b-4472-aa81-88720fcb6b1b
1693666497237	Marionette	INFO	Stopped listening on port 32893
Missing chrome or resource URL: resource://gre/modules/UpdateListener.jsm
Missing chrome or resource URL: resource://gre/modules/UpdateListener.sys.mjs
console.error: "Error during quit-application-granted: [Exception... \"File error: Not found\"  nsresult: \"0x80520012 (NS_ERROR_FILE_NOT_FOUND)\"  location: \"JS frame :: resource:///modules/BrowserGlue.jsm :: _onQuitApplicationGranted/tasks< :: line 2006\"  data: no]"
console.log: "RemoteSettingsWorker error: Error: Can't import when we've started shutting down."
console.log: "RemoteSettingsWorker error: Error: Can't import when we've started shutting down."
console.log: "RemoteSettingsWorker error: Error: Can't import when we've started shutting down."
console.log: "RemoteSettingsWorker error: Error: Can't import when we've started shutting down."
console.log: "RemoteSettingsWorker error: Error: Can't import when we've started shutting down."
console.log: "RemoteSettingsWorker error: Error: Can't import when we've started shutting down."
JavaScript error: resource://gre/modules/AsyncShutdown.jsm, line 720: Error: Phase "profile-before-change" is finished, it is too late to register completion condition "DoHController: clear state and remove observers"
console.error: (new Error("SessionFile is closed", "resource:///modules/sessionstore/SessionFile.jsm", 381))
JavaScript error: resource://gre/modules/CrashManager.jsm, line 906: AbortError: IOUtils: Shutting down and refusing additional I/O tasks
RunWatchdog: Mainthread nested event loops during hang: 
 --- (no nested event loop active)
ExceptionHandler::GenerateDump cloned child ExceptionHandler::WaitForContinueSignal waiting for continue signal...
15011
ExceptionHandler::SendContinueSignalToChild sent continue signal to child
